# JRE version: OpenJDK Runtime Environment (8.0_242-b01) (build 1.8.0_242-release-1644-b01)
# Java VM: OpenJDK 64-Bit Server VM (25.242-b01 mixed mode windows-amd64 compressed oops)
Heap:
 PSYoungGen      total 656896K, used 15920K [0x00000000d5580000, 0x00000000ffe80000, 0x0000000100000000)
  eden space 617472K, 1% used [0x00000000d5580000,0x00000000d6145640,0x00000000fb080000)
  from space 39424K, 9% used [0x00000000fb080000,0x00000000fb446a78,0x00000000fd700000)
  to   space 38912K, 0% used [0x00000000fd880000,0x00000000fd880000,0x00000000ffe80000)
 ParOldGen       total 179200K, used 120518K [0x0000000080000000, 0x000000008af00000, 0x00000000d5580000)
  object space 179200K, 67% used [0x0000000080000000,0x00000000875b1b40,0x000000008af00000)
 Metaspace       used 113984K, capacity 119788K, committed 120088K, reserved 1153024K
  class space    used 14667K, capacity 15748K, committed 15920K, reserved 1048576K
GC Heap History (10 events):
Event: 4313.435 GC heap before
{Heap before GC invocations=27 (full 4):
 PSYoungGen      total 405504K, used 397229K [0x00000000d5580000, 0x00000000f1800000, 0x0000000100000000)
  eden space 369664K, 100% used [0x00000000d5580000,0x00000000ebe80000,0x00000000ebe80000)
  from space 35840K, 76% used [0x00000000ee400000,0x00000000efeeb4b8,0x00000000f0700000)
  to   space 38400K, 0% used [0x00000000ebe80000,0x00000000ebe80000,0x00000000ee400000)
 ParOldGen       total 179200K, used 76166K [0x0000000080000000, 0x000000008af00000, 0x00000000d5580000)
  object space 179200K, 42% used [0x0000000080000000,0x0000000084a61a98,0x000000008af00000)
 Metaspace       used 113590K, capacity 119368K, committed 119576K, reserved 1153024K
  class space    used 14651K, capacity 15738K, committed 15920K, reserved 1048576K
Event: 4314.684 GC heap after
Heap after GC invocations=27 (full 4):
 PSYoungGen      total 408064K, used 32499K [0x00000000d5580000, 0x00000000f8f80000, 0x0000000100000000)
  eden space 369664K, 0% used [0x00000000d5580000,0x00000000d5580000,0x00000000ebe80000)
  from space 38400K, 84% used [0x00000000ebe80000,0x00000000ede3cec8,0x00000000ee400000)
  to   space 42496K, 0% used [0x00000000f6600000,0x00000000f6600000,0x00000000f8f80000)
 ParOldGen       total 179200K, used 81316K [0x0000000080000000, 0x000000008af00000, 0x00000000d5580000)
  object space 179200K, 45% used [0x0000000080000000,0x0000000084f69088,0x000000008af00000)
 Metaspace       used 113590K, capacity 119368K, committed 119576K, reserved 1153024K
  class space    used 14651K, capacity 15738K, committed 15920K, reserved 1048576K
}
Event: 4317.476 GC heap before
{Heap before GC invocations=28 (full 4):
 PSYoungGen      total 408064K, used 402163K [0x00000000d5580000, 0x00000000f8f80000, 0x0000000100000000)
  eden space 369664K, 100% used [0x00000000d5580000,0x00000000ebe80000,0x00000000ebe80000)
  from space 38400K, 84% used [0x00000000ebe80000,0x00000000ede3cec8,0x00000000ee400000)
  to   space 42496K, 0% used [0x00000000f6600000,0x00000000f6600000,0x00000000f8f80000)
 ParOldGen       total 179200K, used 81316K [0x0000000080000000, 0x000000008af00000, 0x00000000d5580000)
  object space 179200K, 45% used [0x0000000080000000,0x0000000084f69088,0x000000008af00000)
 Metaspace       used 113697K, capacity 119470K, committed 119832K, reserved 1153024K
  class space    used 14663K, capacity 15745K, committed 15920K, reserved 1048576K
Event: 4318.198 GC heap after
Heap after GC invocations=28 (full 4):
 PSYoungGen      total 542208K, used 19677K [0x00000000d5580000, 0x00000000f8e80000, 0x0000000100000000)
  eden space 500736K, 0% used [0x00000000d5580000,0x00000000d5580000,0x00000000f3e80000)
  from space 41472K, 47% used [0x00000000f6600000,0x00000000f79376f8,0x00000000f8e80000)
  to   space 40448K, 0% used [0x00000000f3e80000,0x00000000f3e80000,0x00000000f6600000)
 ParOldGen       total 179200K, used 95419K [0x0000000080000000, 0x000000008af00000, 0x00000000d5580000)
  object space 179200K, 53% used [0x0000000080000000,0x0000000085d2ecd0,0x000000008af00000)
 Metaspace       used 113697K, capacity 119470K, committed 119832K, reserved 1153024K
  class space    used 14663K, capacity 15745K, committed 15920K, reserved 1048576K
}
Event: 4320.832 GC heap before
{Heap before GC invocations=29 (full 4):
 PSYoungGen      total 542208K, used 520413K [0x00000000d5580000, 0x00000000f8e80000, 0x0000000100000000)
  eden space 500736K, 100% used [0x00000000d5580000,0x00000000f3e80000,0x00000000f3e80000)
  from space 41472K, 47% used [0x00000000f6600000,0x00000000f79376f8,0x00000000f8e80000)
  to   space 40448K, 0% used [0x00000000f3e80000,0x00000000f3e80000,0x00000000f6600000)
 ParOldGen       total 179200K, used 95419K [0x0000000080000000, 0x000000008af00000, 0x00000000d5580000)
  object space 179200K, 53% used [0x0000000080000000,0x0000000085d2ecd0,0x000000008af00000)
 Metaspace       used 113726K, capacity 119548K, committed 119832K, reserved 1153024K
  class space    used 14664K, capacity 15746K, committed 15920K, reserved 1048576K
Event: 4320.925 GC heap after
Heap after GC invocations=29 (full 4):
 PSYoungGen      total 541184K, used 8592K [0x00000000d5580000, 0x00000000ffe00000, 0x0000000100000000)
  eden space 500736K, 0% used [0x00000000d5580000,0x00000000d5580000,0x00000000f3e80000)
  from space 40448K, 21% used [0x00000000f3e80000,0x00000000f46e4040,0x00000000f6600000)
  to   space 39936K, 0% used [0x00000000fd700000,0x00000000fd700000,0x00000000ffe00000)
 ParOldGen       total 179200K, used 108105K [0x0000000080000000, 0x000000008af00000, 0x00000000d5580000)
  object space 179200K, 60% used [0x0000000080000000,0x00000000869925b8,0x000000008af00000)
 Metaspace       used 113726K, capacity 119548K, committed 119832K, reserved 1153024K
  class space    used 14664K, capacity 15746K, committed 15920K, reserved 1048576K
}
Event: 4324.622 GC heap before
{Heap before GC invocations=30 (full 4):
 PSYoungGen      total 541184K, used 509328K [0x00000000d5580000, 0x00000000ffe00000, 0x0000000100000000)
  eden space 500736K, 100% used [0x00000000d5580000,0x00000000f3e80000,0x00000000f3e80000)
  from space 40448K, 21% used [0x00000000f3e80000,0x00000000f46e4040,0x00000000f6600000)
  to   space 39936K, 0% used [0x00000000fd700000,0x00000000fd700000,0x00000000ffe00000)
 ParOldGen       total 179200K, used 108105K [0x0000000080000000, 0x000000008af00000, 0x00000000d5580000)
  object space 179200K, 60% used [0x0000000080000000,0x00000000869925b8,0x000000008af00000)
 Metaspace       used 113771K, capacity 119566K, committed 119832K, reserved 1153024K
  class space    used 14666K, capacity 15747K, committed 15920K, reserved 1048576K
Event: 4324.702 GC heap after
Heap after GC invocations=30 (full 4):
 PSYoungGen      total 657408K, used 7477K [0x00000000d5580000, 0x00000000ffe80000, 0x0000000100000000)
  eden space 617472K, 0% used [0x00000000d5580000,0x00000000d5580000,0x00000000fb080000)
  from space 39936K, 18% used [0x00000000fd700000,0x00000000fde4d610,0x00000000ffe00000)
  to   space 39424K, 0% used [0x00000000fb080000,0x00000000fb080000,0x00000000fd700000)
 ParOldGen       total 179200K, used 114186K [0x0000000080000000, 0x000000008af00000, 0x00000000d5580000)
  object space 179200K, 63% used [0x0000000080000000,0x0000000086f82920,0x000000008af00000)
 Metaspace       used 113771K, capacity 119566K, committed 119832K, reserved 1153024K
  class space    used 14666K, capacity 15747K, committed 15920K, reserved 1048576K
}
Event: 4328.635 GC heap before
{Heap before GC invocations=31 (full 4):
 PSYoungGen      total 657408K, used 624949K [0x00000000d5580000, 0x00000000ffe80000, 0x0000000100000000)
  eden space 617472K, 100% used [0x00000000d5580000,0x00000000fb080000,0x00000000fb080000)
  from space 39936K, 18% used [0x00000000fd700000,0x00000000fde4d610,0x00000000ffe00000)
  to   space 39424K, 0% used [0x00000000fb080000,0x00000000fb080000,0x00000000fd700000)
 ParOldGen       total 179200K, used 114186K [0x0000000080000000, 0x000000008af00000, 0x00000000d5580000)
  object space 179200K, 63% used [0x0000000080000000,0x0000000086f82920,0x000000008af00000)
 Metaspace       used 113979K, capacity 119788K, committed 120088K, reserved 1153024K
  class space    used 14667K, capacity 15748K, committed 15920K, reserved 1048576K
Event: 4329.149 GC heap after
Heap after GC invocations=31 (full 4):
 PSYoungGen      total 656896K, used 3866K [0x00000000d5580000, 0x00000000ffe80000, 0x0000000100000000)
  eden space 617472K, 0% used [0x00000000d5580000,0x00000000d5580000,0x00000000fb080000)
  from space 39424K, 9% used [0x00000000fb080000,0x00000000fb446a78,0x00000000fd700000)
  to   space 38912K, 0% used [0x00000000fd880000,0x00000000fd880000,0x00000000ffe80000)
 ParOldGen       total 179200K, used 120518K [0x0000000080000000, 0x000000008af00000, 0x00000000d5580000)
  object space 179200K, 67% used [0x0000000080000000,0x00000000875b1b40,0x000000008af00000)
 Metaspace       used 113979K, capacity 119788K, committed 120088K, reserved 1153024K
  class space    used 14667K, capacity 15748K, committed 15920K, reserved 1048576K
}

