# JRE version: OpenJDK Runtime Environment (8.0_242-b01) (build 1.8.0_242-release-1644-b01)
# Java VM: OpenJDK 64-Bit Server VM (25.242-b01 mixed mode windows-amd64 compressed oops)
Heap:
 PSYoungGen      total 505344K, used 256516K [0x00000000d5580000, 0x00000000ff880000, 0x0000000100000000)
  eden space 429056K, 50% used [0x00000000d5580000,0x00000000e2a0ae40,0x00000000ef880000)
  from space 76288K, 50% used [0x00000000f4300000,0x00000000f68f62b8,0x00000000f8d80000)
  to   space 76288K, 0% used [0x00000000ef880000,0x00000000ef880000,0x00000000f4300000)
 ParOldGen       total 291328K, used 182736K [0x0000000080000000, 0x0000000091c80000, 0x00000000d5580000)
  object space 291328K, 62% used [0x0000000080000000,0x000000008b274048,0x0000000091c80000)
 Metaspace       used 112707K, capacity 119278K, committed 119320K, reserved 1153024K
  class space    used 14452K, capacity 15662K, committed 15664K, reserved 1048576K
GC Heap History (10 events):
Event: 661.206 GC heap before
{Heap before GC invocations=32 (full 4):
 PSYoungGen      total 374272K, used 342740K [0x00000000d5580000, 0x00000000f4280000, 0x0000000100000000)
  eden space 299008K, 100% used [0x00000000d5580000,0x00000000e7980000,0x00000000e7980000)
  from space 75264K, 58% used [0x00000000e7980000,0x00000000ea435038,0x00000000ec300000)
  to   space 74752K, 0% used [0x00000000ef980000,0x00000000ef980000,0x00000000f4280000)
 ParOldGen       total 291328K, used 158742K [0x0000000080000000, 0x0000000091c80000, 0x00000000d5580000)
  object space 291328K, 54% used [0x0000000080000000,0x0000000089b05848,0x0000000091c80000)
 Metaspace       used 112437K, capacity 118932K, committed 119064K, reserved 1153024K
  class space    used 14440K, capacity 15621K, committed 15664K, reserved 1048576K
Event: 661.439 GC heap after
Heap after GC invocations=32 (full 4):
 PSYoungGen      total 429568K, used 47433K [0x00000000d5580000, 0x00000000f4c00000, 0x0000000100000000)
  eden space 354816K, 0% used [0x00000000d5580000,0x00000000d5580000,0x00000000eb000000)
  from space 74752K, 63% used [0x00000000ef980000,0x00000000f27d2700,0x00000000f4280000)
  to   space 75264K, 0% used [0x00000000eb000000,0x00000000eb000000,0x00000000ef980000)
 ParOldGen       total 291328K, used 159142K [0x0000000080000000, 0x0000000091c80000, 0x00000000d5580000)
  object space 291328K, 54% used [0x0000000080000000,0x0000000089b69858,0x0000000091c80000)
 Metaspace       used 112437K, capacity 118932K, committed 119064K, reserved 1153024K
  class space    used 14440K, capacity 15621K, committed 15664K, reserved 1048576K
}
Event: 663.041 GC heap before
{Heap before GC invocations=33 (full 4):
 PSYoungGen      total 429568K, used 402249K [0x00000000d5580000, 0x00000000f4c00000, 0x0000000100000000)
  eden space 354816K, 100% used [0x00000000d5580000,0x00000000eb000000,0x00000000eb000000)
  from space 74752K, 63% used [0x00000000ef980000,0x00000000f27d2700,0x00000000f4280000)
  to   space 75264K, 0% used [0x00000000eb000000,0x00000000eb000000,0x00000000ef980000)
 ParOldGen       total 291328K, used 159142K [0x0000000080000000, 0x0000000091c80000, 0x00000000d5580000)
  object space 291328K, 54% used [0x0000000080000000,0x0000000089b69858,0x0000000091c80000)
 Metaspace       used 112555K, capacity 119116K, committed 119320K, reserved 1153024K
  class space    used 14449K, capacity 15657K, committed 15664K, reserved 1048576K
Event: 663.094 GC heap after
Heap after GC invocations=33 (full 4):
 PSYoungGen      total 430080K, used 49285K [0x00000000d5580000, 0x00000000f8d80000, 0x0000000100000000)
  eden space 354816K, 0% used [0x00000000d5580000,0x00000000d5580000,0x00000000eb000000)
  from space 75264K, 65% used [0x00000000eb000000,0x00000000ee021428,0x00000000ef980000)
  to   space 76288K, 0% used [0x00000000f4300000,0x00000000f4300000,0x00000000f8d80000)
 ParOldGen       total 291328K, used 159270K [0x0000000080000000, 0x0000000091c80000, 0x00000000d5580000)
  object space 291328K, 54% used [0x0000000080000000,0x0000000089b89858,0x0000000091c80000)
 Metaspace       used 112555K, capacity 119116K, committed 119320K, reserved 1153024K
  class space    used 14449K, capacity 15657K, committed 15664K, reserved 1048576K
}
Event: 665.801 GC heap before
{Heap before GC invocations=34 (full 4):
 PSYoungGen      total 430080K, used 404101K [0x00000000d5580000, 0x00000000f8d80000, 0x0000000100000000)
  eden space 354816K, 100% used [0x00000000d5580000,0x00000000eb000000,0x00000000eb000000)
  from space 75264K, 65% used [0x00000000eb000000,0x00000000ee021428,0x00000000ef980000)
  to   space 76288K, 0% used [0x00000000f4300000,0x00000000f4300000,0x00000000f8d80000)
 ParOldGen       total 291328K, used 159270K [0x0000000080000000, 0x0000000091c80000, 0x00000000d5580000)
  object space 291328K, 54% used [0x0000000080000000,0x0000000089b89858,0x0000000091c80000)
 Metaspace       used 112592K, capacity 119128K, committed 119320K, reserved 1153024K
  class space    used 14449K, capacity 15657K, committed 15664K, reserved 1048576K
Event: 666.077 GC heap after
Heap after GC invocations=34 (full 4):
 PSYoungGen      total 501248K, used 57878K [0x00000000d5580000, 0x00000000f9900000, 0x0000000100000000)
  eden space 424960K, 0% used [0x00000000d5580000,0x00000000d5580000,0x00000000ef480000)
  from space 76288K, 75% used [0x00000000f4300000,0x00000000f7b85ac0,0x00000000f8d80000)
  to   space 80384K, 0% used [0x00000000ef480000,0x00000000ef480000,0x00000000f4300000)
 ParOldGen       total 291328K, used 167153K [0x0000000080000000, 0x0000000091c80000, 0x00000000d5580000)
  object space 291328K, 57% used [0x0000000080000000,0x000000008a33c420,0x0000000091c80000)
 Metaspace       used 112592K, capacity 119128K, committed 119320K, reserved 1153024K
  class space    used 14449K, capacity 15657K, committed 15664K, reserved 1048576K
}
Event: 670.125 GC heap before
{Heap before GC invocations=35 (full 4):
 PSYoungGen      total 501248K, used 482838K [0x00000000d5580000, 0x00000000f9900000, 0x0000000100000000)
  eden space 424960K, 100% used [0x00000000d5580000,0x00000000ef480000,0x00000000ef480000)
  from space 76288K, 75% used [0x00000000f4300000,0x00000000f7b85ac0,0x00000000f8d80000)
  to   space 80384K, 0% used [0x00000000ef480000,0x00000000ef480000,0x00000000f4300000)
 ParOldGen       total 291328K, used 167153K [0x0000000080000000, 0x0000000091c80000, 0x00000000d5580000)
  object space 291328K, 57% used [0x0000000080000000,0x000000008a33c420,0x0000000091c80000)
 Metaspace       used 112657K, capacity 119206K, committed 119320K, reserved 1153024K
  class space    used 14451K, capacity 15660K, committed 15664K, reserved 1048576K
Event: 683.949 GC heap after
Heap after GC invocations=35 (full 4):
 PSYoungGen      total 505344K, used 49601K [0x00000000d5580000, 0x00000000f9900000, 0x0000000100000000)
  eden space 424960K, 0% used [0x00000000d5580000,0x00000000d5580000,0x00000000ef480000)
  from space 80384K, 61% used [0x00000000ef480000,0x00000000f24f0580,0x00000000f4300000)
  to   space 76288K, 0% used [0x00000000f4300000,0x00000000f4300000,0x00000000f8d80000)
 ParOldGen       total 291328K, used 173271K [0x0000000080000000, 0x0000000091c80000, 0x00000000d5580000)
  object space 291328K, 59% used [0x0000000080000000,0x000000008a935e90,0x0000000091c80000)
 Metaspace       used 112657K, capacity 119206K, committed 119320K, reserved 1153024K
  class space    used 14451K, capacity 15660K, committed 15664K, reserved 1048576K
}
Event: 685.513 GC heap before
{Heap before GC invocations=36 (full 4):
 PSYoungGen      total 505344K, used 474561K [0x00000000d5580000, 0x00000000f9900000, 0x0000000100000000)
  eden space 424960K, 100% used [0x00000000d5580000,0x00000000ef480000,0x00000000ef480000)
  from space 80384K, 61% used [0x00000000ef480000,0x00000000f24f0580,0x00000000f4300000)
  to   space 76288K, 0% used [0x00000000f4300000,0x00000000f4300000,0x00000000f8d80000)
 ParOldGen       total 291328K, used 173271K [0x0000000080000000, 0x0000000091c80000, 0x00000000d5580000)
  object space 291328K, 59% used [0x0000000080000000,0x000000008a935e90,0x0000000091c80000)
 Metaspace       used 112678K, capacity 119214K, committed 119320K, reserved 1153024K
  class space    used 14452K, capacity 15662K, committed 15664K, reserved 1048576K
Event: 685.591 GC heap after
Heap after GC invocations=36 (full 4):
 PSYoungGen      total 505344K, used 38872K [0x00000000d5580000, 0x00000000ff880000, 0x0000000100000000)
  eden space 429056K, 0% used [0x00000000d5580000,0x00000000d5580000,0x00000000ef880000)
  from space 76288K, 50% used [0x00000000f4300000,0x00000000f68f62b8,0x00000000f8d80000)
  to   space 76288K, 0% used [0x00000000ef880000,0x00000000ef880000,0x00000000f4300000)
 ParOldGen       total 291328K, used 182736K [0x0000000080000000, 0x0000000091c80000, 0x00000000d5580000)
  object space 291328K, 62% used [0x0000000080000000,0x000000008b274048,0x0000000091c80000)
 Metaspace       used 112678K, capacity 119214K, committed 119320K, reserved 1153024K
  class space    used 14452K, capacity 15662K, committed 15664K, reserved 1048576K
}

